<?xml version="1.0" encoding="UTF-8"?>
<!-- Generated by org.testng.reporters.JUnitReportReporter -->
<testsuite hostname="DESKTOP-M6G8N2N" failures="0" tests="5" name="tamanna.OrangeHRM.TC1" time="25.886" errors="0" timestamp="2022-07-02T01:01:51 IST" skipped="0">
  <testcase classname="tamanna.OrangeHRM.TC1" name="S4verifyPasswordEntry" time="0.072"/>
  <system-out/>
  <testcase classname="tamanna.OrangeHRM.TC1" name="S3verifyUserNameEntry" time="0.077"/>
  <system-out/>
  <testcase classname="tamanna.OrangeHRM.TC1" name="S2verifyLogInPanel" time="0.025"/>
  <system-out/>
  <testcase classname="tamanna.OrangeHRM.TC1" name="S6verifyNavigation" time="25.671"/>
  <system-out/>
  <testcase classname="tamanna.OrangeHRM.TC1" name="S1verifyLogo" time="0.041"/>
  <system-out/>
</testsuite> <!-- tamanna.OrangeHRM.TC1 -->
