<?xml version="1.0" encoding="UTF-8"?>
<!-- Generated by org.testng.reporters.JUnitReportReporter -->
<testsuite hostname="Ganesh-PC" failures="0" tests="1" name="prachi.TestCase2" time="95.272" errors="0" timestamp="2022-07-02T01:31:36 IST" skipped="0">
  <testcase classname="prachi.TestCase2" name="userAbleToLogin" time="95.272"/>
  <system-out/>
</testsuite> <!-- prachi.TestCase2 -->
