<?xml version="1.0" encoding="UTF-8"?>
<!-- Generated by org.testng.reporters.JUnitReportReporter -->
<testsuite hostname="Ganesh-PC" failures="0" tests="1" name="prachi.TestCase4" time="112.819" errors="0" timestamp="2022-07-02T02:48:04 IST" skipped="0">
  <testcase classname="prachi.TestCase4" name="paybleAmountIsNonZero" time="112.819"/>
  <system-out/>
</testsuite> <!-- prachi.TestCase4 -->
