<?xml version="1.0" encoding="UTF-8"?>
<!-- Generated by org.testng.reporters.JUnitReportReporter -->
<testsuite hostname="LE15-RBE4-IND" failures="0" tests="1" name="rakesh.Assignment5" time="10.260" errors="0" timestamp="2022-07-04T23:05:30 IST" skipped="0">
  <testcase classname="rakesh.Assignment5" name="flipkart" time="10.260"/>
  <system-out/>
</testsuite> <!-- rakesh.Assignment5 -->
