<?xml version="1.0" encoding="UTF-8"?>
<!-- Generated by org.testng.reporters.JUnitReportReporter -->
<testsuite hostname="LE15-RBE4-IND" failures="0" tests="1" name="rakesh.Assignment6" time="6.143" errors="0" timestamp="2022-07-05T00:14:06 IST" skipped="0">
  <testcase classname="rakesh.Assignment6" name="dataTables" time="6.143"/>
  <system-out/>
</testsuite> <!-- rakesh.Assignment6 -->
