<?xml version="1.0" encoding="UTF-8"?>
<!-- Generated by org.testng.reporters.JUnitReportReporter -->
<testsuite hostname="Ganesh-PC" failures="0" tests="1" name="prachi.TestCase7" time="120.911" errors="0" timestamp="2022-07-02T03:03:34 IST" skipped="0">
  <testcase classname="prachi.TestCase7" name="updateCompanyName" time="120.911"/>
  <system-out/>
</testsuite> <!-- prachi.TestCase7 -->
