<?xml version="1.0" encoding="UTF-8"?>
<!-- Generated by org.testng.reporters.JUnitReportReporter -->
<testsuite hostname="Ganesh-PC" failures="0" tests="1" name="prachi.TestCase5" time="111.298" errors="0" timestamp="2022-07-02T02:52:11 IST" skipped="0">
  <testcase classname="prachi.TestCase5" name="valueDisplayInTable" time="111.298"/>
  <system-out/>
</testsuite> <!-- prachi.TestCase5 -->
