<?xml version="1.0" encoding="UTF-8"?>
<!-- Generated by org.testng.reporters.JUnitReportReporter -->
<testsuite hostname="Ganesh-PC" failures="0" tests="1" name="prachi.TestCase3" time="105.903" errors="0" timestamp="2022-07-02T02:44:56 IST" skipped="0">
  <testcase classname="prachi.TestCase3" name="verifyCompanyDetails" time="105.903"/>
  <system-out/>
</testsuite> <!-- prachi.TestCase3 -->
