<?xml version="1.0" encoding="UTF-8"?>
<!-- Generated by org.testng.reporters.JUnitReportReporter -->
<testsuite hostname="Ganesh-PC" failures="0" tests="1" name="prachi.TestCase6" time="164.256" errors="0" timestamp="2022-07-02T02:59:06 IST" skipped="0">
  <testcase classname="prachi.TestCase6" name="addNewSkills" time="164.256"/>
  <system-out/>
</testsuite> <!-- prachi.TestCase6 -->
