<?xml version="1.0" encoding="UTF-8"?>
<!-- Generated by org.testng.reporters.JUnitReportReporter -->
<testsuite hostname="Ganesh-PC" failures="0" tests="1" name="prachi.TestCase1" time="126.839" errors="0" timestamp="2022-07-02T02:41:09 IST" skipped="0">
  <testcase classname="prachi.TestCase1" name="verifyLoginFunctionality" time="126.839"/>
  <system-out/>
</testsuite> <!-- prachi.TestCase1 -->
